<?xml version="1.0" encoding="UTF-8"?>
<!-- Generated by org.testng.reporters.JUnitReportReporter -->
<testsuite hostname="jaggu" failures="0" tests="2" name="TestCase.LoginTestCase" time="75.327" errors="0" timestamp="2023-09-17T14:25:23 IST" skipped="0">
  <testcase classname="TestCase.LoginTestCase" name="verifyInvalidLogin" time="37.726"/>
  <testcase classname="TestCase.LoginTestCase" name="VerifyValidLogin" time="37.601"/>
</testsuite> <!-- TestCase.LoginTestCase -->
