<?xml version="1.0" encoding="UTF-8"?>
<!-- Generated by org.testng.reporters.JUnitReportReporter -->
<testsuite hostname="jaggu" failures="0" tests="1" name="TestCase.MyInfoTestCases" time="112.481" errors="0" timestamp="2023-09-16T16:25:24 IST" skipped="0">
  <testcase classname="TestCase.MyInfoTestCases" name="fillPersonalDetails" time="112.481"/>
</testsuite> <!-- TestCase.MyInfoTestCases -->
